#
# A fatal error has been detected by the Java Runtime Environment:
#
#  EXCEPTION_ACCESS_VIOLATION (0xc0000005) at pc=0xffffffffa3955120, pid=7404, tid=8124
#
# JRE version: Java(TM) SE Runtime Environment (8.0_60-b27) (build 1.8.0_60-b27)
# Java VM: Java HotSpot(TM) 64-Bit Server VM (25.60-b23 mixed mode windows-amd64 compressed oops)
# Problematic frame:
# C  0xffffffffa3955120
#
# Failed to write core dump. Minidumps are not enabled by default on client versions of Windows
#
# If you would like to submit a bug report, please visit:
#   http://bugreport.java.com/bugreport/crash.jsp
#

---------------  T H R E A D  ---------------

Current thread (0x00000000571c2800):  JavaThread "Daemon worker" [_thread_in_Java, id=8124, stack(0x0000000058380000,0x0000000058480000)]

siginfo: ExceptionCode=0xc0000005, ExceptionInformation=0x0000000000000008 0xffffffffa3955120

Registers:
RAX=0x00000000eb891ab8, RBX=0x000000005a3464e8, RCX=0x000000000075c40f, RDX=0x00000000eb880f30
RSP=0x000000005847b918, RBP=0x000000005847bde0, RSI=0x00000000eb880f30, RDI=0x00000000eb880f30
R8 =0x0000000000002710, R9 =0x0000000011710000, R10=0x00000000eb891ab8, R11=0x0000000000000000
R12=0x0000000000000000, R13=0x00000000eb881ea8, R14=0x0000000000000004, R15=0x00000000571c2800
RIP=0xffffffffa3955120, EFLAGS=0x0000000000010206

Top of Stack: (sp=0x000000005847b918)
0x000000005847b918:   00000000030f76ec 00000000c0846040
0x000000005847b928:   0000000c00000521 000000005847bde0
0x000000005847b938:   0000000002dcc7ac 000000005847bde0
0x000000005847b948:   0000000003025a9c 00000000eb87fb30
0x000000005847b958:   00000000eb881e78 0000000000000000
0x000000005847b968:   00000000eb87fb30 0000000000000000
0x000000005847b978:   00000000eb881898 000000005a6a2fa8
0x000000005847b988:   000000005847b9c8 00000000eb881468
0x000000005847b998:   00000000eb881e78 0000000000000000
0x000000005847b9a8:   00000000eb891ab8 00000000eb9a92d8
0x000000005847b9b8:   00000000c0421348 00000000c08a16d0
0x000000005847b9c8:   00000000c0e52310 00000000eb881468
0x000000005847b9d8:   0000000000000001 00000000eb880f30
0x000000005847b9e8:   0000000054b10853 000000005847bde0
0x000000005847b9f8:   00000000030e9c14 0000000000000000
0x000000005847ba08:   00000000eb881898 0000000000000000 

Instructions: (pc=0xffffffffa3955120)
0xffffffffa3955100:   
[error occurred during error reporting (printing registers, top of stack, instructions near pc), id 0xc0000005]

Register to memory mapping:

RAX=0x00000000eb891ab8 is an oop
com.sun.org.apache.xerces.internal.xni.XMLString 
 - klass: 'com/sun/org/apache/xerces/internal/xni/XMLString'
RBX=0x000000005a3464e8 is pointing into metadata
RCX=0x000000000075c40f is an unknown value
RDX=0x00000000eb880f30 is an oop
com.sun.org.apache.xerces.internal.impl.XMLEntityScanner 
 - klass: 'com/sun/org/apache/xerces/internal/impl/XMLEntityScanner'
RSP=0x000000005847b918 is pointing into the stack for thread: 0x00000000571c2800
RBP=0x000000005847bde0 is pointing into the stack for thread: 0x00000000571c2800
RSI=0x00000000eb880f30 is an oop
com.sun.org.apache.xerces.internal.impl.XMLEntityScanner 
 - klass: 'com/sun/org/apache/xerces/internal/impl/XMLEntityScanner'
RDI=0x00000000eb880f30 is an oop
com.sun.org.apache.xerces.internal.impl.XMLEntityScanner 
 - klass: 'com/sun/org/apache/xerces/internal/impl/XMLEntityScanner'
R8 =0x0000000000002710 is an unknown value
R9 =0x0000000011710000 is an unknown value
R10=0x00000000eb891ab8 is an oop
com.sun.org.apache.xerces.internal.xni.XMLString 
 - klass: 'com/sun/org/apache/xerces/internal/xni/XMLString'
R11=0x0000000000000000 is an unknown value
R12=0x0000000000000000 is an unknown value
R13=0x00000000eb881ea8 is an oop
[Lcom.sun.org.apache.xerces.internal.util.XMLAttributesImpl$Attribute; 
 - klass: 'com/sun/org/apache/xerces/internal/util/XMLAttributesImpl$Attribute'[]
 - length: 4
R14=0x0000000000000004 is an unknown value
R15=0x00000000571c2800 is a thread


Stack: [0x0000000058380000,0x0000000058480000],  sp=0x000000005847b918,  free space=1006k
Native frames: (J=compiled Java code, j=interpreted, Vv=VM code, C=native code)
C  0xffffffffa3955120


---------------  P R O C E S S  ---------------

Java Threads: ( => current thread )
  0x0000000059c72800 JavaThread "File lock request listener" [_thread_in_native, id=1532, stack(0x000000005a720000,0x000000005a820000)]
  0x00000000571d8000 JavaThread "Stdin handler" [_thread_blocked, id=2504, stack(0x00000000589d0000,0x0000000058ad0000)]
=>0x00000000571c2800 JavaThread "Daemon worker" [_thread_in_Java, id=8124, stack(0x0000000058380000,0x0000000058480000)]
  0x0000000057413800 JavaThread "Cancel handler" [_thread_blocked, id=6764, stack(0x00000000587b0000,0x00000000588b0000)]
  0x00000000571a1000 JavaThread "Handler for socket connection from /127.0.0.1:54102 to /127.0.0.1:54103" [_thread_in_native, id=7824, stack(0x0000000058690000,0x0000000058790000)]
  0x00000000571b7800 JavaThread "Daemon" [_thread_blocked, id=4764, stack(0x0000000058520000,0x0000000058620000)]
  0x00000000573a3800 JavaThread "Incoming local TCP Connector on port 54102" [_thread_in_native, id=7764, stack(0x0000000056df0000,0x0000000056ef0000)]
  0x00000000560ed000 JavaThread "Service Thread" daemon [_thread_blocked, id=7016, stack(0x00000000564f0000,0x00000000565f0000)]
  0x0000000054dce800 JavaThread "C1 CompilerThread1" daemon [_thread_blocked, id=2536, stack(0x0000000055fc0000,0x00000000560c0000)]
  0x0000000054d9b800 JavaThread "C2 CompilerThread0" daemon [_thread_in_native, id=5540, stack(0x0000000055e30000,0x0000000055f30000)]
  0x0000000054d9a000 JavaThread "Attach Listener" daemon [_thread_blocked, id=7972, stack(0x0000000055830000,0x0000000055930000)]
  0x0000000054d98000 JavaThread "Signal Dispatcher" daemon [_thread_blocked, id=3304, stack(0x0000000055b80000,0x0000000055c80000)]
  0x0000000054d37000 JavaThread "Finalizer" daemon [_thread_blocked, id=7564, stack(0x0000000055a80000,0x0000000055b80000)]
  0x0000000054d33800 JavaThread "Reference Handler" daemon [_thread_blocked, id=6888, stack(0x0000000055950000,0x0000000055a50000)]
  0x000000000215e800 JavaThread "main" [_thread_blocked, id=3076, stack(0x0000000002580000,0x0000000002680000)]

Other Threads:
  0x0000000054d2d800 VMThread [stack: 0x0000000055710000,0x0000000055810000] [id=6660]
  0x00000000560f0800 WatcherThread [stack: 0x0000000055c90000,0x0000000055d90000] [id=6816]

VM state:not at safepoint (normal execution)

VM Mutex/Monitor currently owned by a thread: None

Heap:
 PSYoungGen      total 147968K, used 30315K [0x00000000eab00000, 0x00000000f7980000, 0x0000000100000000)
  eden space 130048K, 13% used [0x00000000eab00000,0x00000000ebbc2300,0x00000000f2a00000)
  from space 17920K, 73% used [0x00000000f2a00000,0x00000000f36d8c40,0x00000000f3b80000)
  to   space 18432K, 0% used [0x00000000f6780000,0x00000000f6780000,0x00000000f7980000)
 ParOldGen       total 117760K, used 25780K [0x00000000c0000000, 0x00000000c7300000, 0x00000000eab00000)
  object space 117760K, 21% used [0x00000000c0000000,0x00000000c192d038,0x00000000c7300000)
 Metaspace       used 40079K, capacity 41074K, committed 41216K, reserved 1085440K
  class space    used 5552K, capacity 5873K, committed 5888K, reserved 1048576K

Card table byte_map: [0x0000000011d10000,0x0000000011f20000] byte_map_base: 0x0000000011710000

Marking Bits: (ParMarkBitMap*) 0x000000005ee0a5b0
 Begin Bits: [0x0000000012200000, 0x0000000013200000)
 End Bits:   [0x0000000013200000, 0x0000000014200000)

Polling page: 0x0000000000430000

CodeCache: size=245760Kb used=15788Kb max_used=16102Kb free=229971Kb
 bounds [0x0000000002950000, 0x0000000003920000, 0x0000000011950000]
 total_blobs=5598 nmethods=4923 adapters=588
 compilation: enabled

Compilation events (10 events):
Event: 16.091 Thread 0x0000000054dce800 nmethod 5306 0x0000000003262250 code [0x00000000032623e0, 0x0000000003262688]
Event: 16.091 Thread 0x0000000054dce800 5307       2       com.android.utils.PositionXmlParser$DomBuilder::characters (12 bytes)
Event: 16.091 Thread 0x0000000054dce800 nmethod 5307 0x0000000002ace950 code [0x0000000002aceac0, 0x0000000002acec48]
Event: 16.091 Thread 0x0000000054dce800 5308       2       com.sun.org.apache.xerces.internal.dom.CoreDocumentImpl::createTextNode (10 bytes)
Event: 16.091 Thread 0x0000000054dce800 nmethod 5308 0x0000000003085a10 code [0x0000000003085b60, 0x0000000003085d30]
Event: 16.091 Thread 0x0000000054dce800 5309       1       com.sun.org.apache.xerces.internal.dom.DocumentImpl::setMutationEvents (6 bytes)
Event: 16.091 Thread 0x0000000054dce800 nmethod 5309 0x0000000002dcc210 code [0x0000000002dcc360, 0x0000000002dcc470]
Event: 16.093 Thread 0x0000000054dce800 5311       2       com.sun.org.apache.xerces.internal.util.XMLAttributesImpl::checkDuplicatesNS (278 bytes)
Event: 16.094 Thread 0x0000000054dce800 nmethod 5311 0x0000000002c5a510 code [0x0000000002c5a700, 0x0000000002c5ae18]
Event: 16.110 Thread 0x0000000054d9b800 nmethod 5184 0x00000000030b0390 code [0x00000000030b06e0, 0x00000000030b3220]

GC Heap History (10 events):
Event: 4.070 GC heap before
{Heap before GC invocations=5 (full 1):
 PSYoungGen      total 71680K, used 66560K [0x00000000eab00000, 0x00000000f3700000, 0x0000000100000000)
  eden space 66560K, 100% used [0x00000000eab00000,0x00000000eec00000,0x00000000eec00000)
  from space 5120K, 0% used [0x00000000eec00000,0x00000000eec00000,0x00000000ef100000)
  to   space 5120K, 0% used [0x00000000f3200000,0x00000000f3200000,0x00000000f3700000)
 ParOldGen       total 73216K, used 12228K [0x00000000c0000000, 0x00000000c4780000, 0x00000000eab00000)
  object space 73216K, 16% used [0x00000000c0000000,0x00000000c0bf1328,0x00000000c4780000)
 Metaspace       used 26713K, capacity 27156K, committed 27392K, reserved 1073152K
  class space    used 3642K, capacity 3761K, committed 3840K, reserved 1048576K
Event: 4.087 GC heap after
Heap after GC invocations=5 (full 1):
 PSYoungGen      total 99328K, used 5109K [0x00000000eab00000, 0x00000000f3700000, 0x0000000100000000)
  eden space 94208K, 0% used [0x00000000eab00000,0x00000000eab00000,0x00000000f0700000)
  from space 5120K, 99% used [0x00000000f3200000,0x00000000f36fd470,0x00000000f3700000)
  to   space 5120K, 0% used [0x00000000f2d00000,0x00000000f2d00000,0x00000000f3200000)
 ParOldGen       total 73216K, used 14016K [0x00000000c0000000, 0x00000000c4780000, 0x00000000eab00000)
  object space 73216K, 19% used [0x00000000c0000000,0x00000000c0db01e0,0x00000000c4780000)
 Metaspace       used 26713K, capacity 27156K, committed 27392K, reserved 1073152K
  class space    used 3642K, capacity 3761K, committed 3840K, reserved 1048576K
}
Event: 5.700 GC heap before
{Heap before GC invocations=6 (full 1):
 PSYoungGen      total 99328K, used 99317K [0x00000000eab00000, 0x00000000f3700000, 0x0000000100000000)
  eden space 94208K, 100% used [0x00000000eab00000,0x00000000f0700000,0x00000000f0700000)
  from space 5120K, 99% used [0x00000000f3200000,0x00000000f36fd470,0x00000000f3700000)
  to   space 5120K, 0% used [0x00000000f2d00000,0x00000000f2d00000,0x00000000f3200000)
 ParOldGen       total 73216K, used 14016K [0x00000000c0000000, 0x00000000c4780000, 0x00000000eab00000)
  object space 73216K, 19% used [0x00000000c0000000,0x00000000c0db01e0,0x00000000c4780000)
 Metaspace       used 31878K, capacity 32516K, committed 32768K, reserved 1077248K
  class space    used 4345K, capacity 4541K, committed 4608K, reserved 1048576K
Event: 5.757 GC heap after
Heap after GC invocations=6 (full 1):
 PSYoungGen      total 138240K, used 5108K [0x00000000eab00000, 0x00000000f4900000, 0x0000000100000000)
  eden space 133120K, 0% used [0x00000000eab00000,0x00000000eab00000,0x00000000f2d00000)
  from space 5120K, 99% used [0x00000000f2d00000,0x00000000f31fd010,0x00000000f3200000)
  to   space 13824K, 0% used [0x00000000f3b80000,0x00000000f3b80000,0x00000000f4900000)
 ParOldGen       total 73216K, used 19686K [0x00000000c0000000, 0x00000000c4780000, 0x00000000eab00000)
  object space 73216K, 26% used [0x00000000c0000000,0x00000000c1339988,0x00000000c4780000)
 Metaspace       used 31878K, capacity 32516K, committed 32768K, reserved 1077248K
  class space    used 4345K, capacity 4541K, committed 4608K, reserved 1048576K
}
Event: 6.979 GC heap before
{Heap before GC invocations=7 (full 1):
 PSYoungGen      total 138240K, used 95590K [0x00000000eab00000, 0x00000000f4900000, 0x0000000100000000)
  eden space 133120K, 67% used [0x00000000eab00000,0x00000000f035cb50,0x00000000f2d00000)
  from space 5120K, 99% used [0x00000000f2d00000,0x00000000f31fd010,0x00000000f3200000)
  to   space 13824K, 0% used [0x00000000f3b80000,0x00000000f3b80000,0x00000000f4900000)
 ParOldGen       total 73216K, used 19686K [0x00000000c0000000, 0x00000000c4780000, 0x00000000eab00000)
  object space 73216K, 26% used [0x00000000c0000000,0x00000000c1339988,0x00000000c4780000)
 Metaspace       used 34680K, capacity 35320K, committed 35456K, reserved 1079296K
  class space    used 4733K, capacity 4917K, committed 4992K, reserved 1048576K
Event: 7.028 GC heap after
Heap after GC invocations=7 (full 1):
 PSYoungGen      total 143872K, used 13808K [0x00000000eab00000, 0x00000000f8980000, 0x0000000100000000)
  eden space 130048K, 0% used [0x00000000eab00000,0x00000000eab00000,0x00000000f2a00000)
  from space 13824K, 99% used [0x00000000f3b80000,0x00000000f48fc3d0,0x00000000f4900000)
  to   space 17920K, 0% used [0x00000000f2a00000,0x00000000f2a00000,0x00000000f3b80000)
 ParOldGen       total 73216K, used 22737K [0x00000000c0000000, 0x00000000c4780000, 0x00000000eab00000)
  object space 73216K, 31% used [0x00000000c0000000,0x00000000c1634640,0x00000000c4780000)
 Metaspace       used 34680K, capacity 35320K, committed 35456K, reserved 1079296K
  class space    used 4733K, capacity 4917K, committed 4992K, reserved 1048576K
}
Event: 7.028 GC heap before
{Heap before GC invocations=8 (full 2):
 PSYoungGen      total 143872K, used 13808K [0x00000000eab00000, 0x00000000f8980000, 0x0000000100000000)
  eden space 130048K, 0% used [0x00000000eab00000,0x00000000eab00000,0x00000000f2a00000)
  from space 13824K, 99% used [0x00000000f3b80000,0x00000000f48fc3d0,0x00000000f4900000)
  to   space 17920K, 0% used [0x00000000f2a00000,0x00000000f2a00000,0x00000000f3b80000)
 ParOldGen       total 73216K, used 22737K [0x00000000c0000000, 0x00000000c4780000, 0x00000000eab00000)
  object space 73216K, 31% used [0x00000000c0000000,0x00000000c1634640,0x00000000c4780000)
 Metaspace       used 34680K, capacity 35320K, committed 35456K, reserved 1079296K
  class space    used 4733K, capacity 4917K, committed 4992K, reserved 1048576K
Event: 7.255 GC heap after
Heap after GC invocations=8 (full 2):
 PSYoungGen      total 143872K, used 0K [0x00000000eab00000, 0x00000000f8980000, 0x0000000100000000)
  eden space 130048K, 0% used [0x00000000eab00000,0x00000000eab00000,0x00000000f2a00000)
  from space 13824K, 0% used [0x00000000f3b80000,0x00000000f3b80000,0x00000000f4900000)
  to   space 17920K, 0% used [0x00000000f2a00000,0x00000000f2a00000,0x00000000f3b80000)
 ParOldGen       total 117760K, used 25772K [0x00000000c0000000, 0x00000000c7300000, 0x00000000eab00000)
  object space 117760K, 21% used [0x00000000c0000000,0x00000000c192b038,0x00000000c7300000)
 Metaspace       used 34680K, capacity 35320K, committed 35456K, reserved 1079296K
  class space    used 4733K, capacity 4917K, committed 4992K, reserved 1048576K
}
Event: 15.742 GC heap before
{Heap before GC invocations=9 (full 2):
 PSYoungGen      total 143872K, used 130048K [0x00000000eab00000, 0x00000000f8980000, 0x0000000100000000)
  eden space 130048K, 100% used [0x00000000eab00000,0x00000000f2a00000,0x00000000f2a00000)
  from space 13824K, 0% used [0x00000000f3b80000,0x00000000f3b80000,0x00000000f4900000)
  to   space 17920K, 0% used [0x00000000f2a00000,0x00000000f2a00000,0x00000000f3b80000)
 ParOldGen       total 117760K, used 25772K [0x00000000c0000000, 0x00000000c7300000, 0x00000000eab00000)
  object space 117760K, 21% used [0x00000000c0000000,0x00000000c192b038,0x00000000c7300000)
 Metaspace       used 39443K, capacity 40466K, committed 40704K, reserved 1083392K
  class space    used 5484K, capacity 5777K, committed 5888K, reserved 1048576K
Event: 15.772 GC heap after
Heap after GC invocations=9 (full 2):
 PSYoungGen      total 147968K, used 13155K [0x00000000eab00000, 0x00000000f7980000, 0x0000000100000000)
  eden space 130048K, 0% used [0x00000000eab00000,0x00000000eab00000,0x00000000f2a00000)
  from space 17920K, 73% used [0x00000000f2a00000,0x00000000f36d8c40,0x00000000f3b80000)
  to   space 18432K, 0% used [0x00000000f6780000,0x00000000f6780000,0x00000000f7980000)
 ParOldGen       total 117760K, used 25780K [0x00000000c0000000, 0x00000000c7300000, 0x00000000eab00000)
  object space 117760K, 21% used [0x00000000c0000000,0x00000000c192d038,0x00000000c7300000)
 Metaspace       used 39443K, capacity 40466K, committed 40704K, reserved 1083392K
  class space    used 5484K, capacity 5777K, committed 5888K, reserved 1048576K
}

Deoptimization events (10 events):
Event: 15.602 Thread 0x00000000571c2800 Uncommon trap: reason=bimorphic action=maybe_recompile pc=0x00000000032ebb00 method=com.sun.org.apache.xerces.internal.dom.NamedNodeMapImpl.findNamePoint(Ljava/lang/String;I)I @ 57
Event: 15.786 Thread 0x00000000571c2800 Uncommon trap: reason=unstable_if action=reinterpret pc=0x00000000037c74d8 method=org.gradle.api.specs.OrSpec.isSatisfiedBy(Ljava/lang/Object;)Z @ 51
Event: 16.024 Thread 0x00000000571c2800 Uncommon trap: reason=unstable_if action=reinterpret pc=0x0000000002e008b0 method=sun.nio.cs.UTF_8$Decoder.decode([BII[C)I @ 30
Event: 16.045 Thread 0x00000000571c2800 Uncommon trap: reason=bimorphic action=maybe_recompile pc=0x00000000032ebb00 method=com.sun.org.apache.xerces.internal.dom.NamedNodeMapImpl.findNamePoint(Ljava/lang/String;I)I @ 57
Event: 16.046 Thread 0x00000000571c2800 Uncommon trap: reason=bimorphic action=maybe_recompile pc=0x0000000003767470 method=java.util.Hashtable.get(Ljava/lang/Object;)Ljava/lang/Object; @ 45
Event: 16.046 Thread 0x00000000571c2800 Uncommon trap: reason=bimorphic action=maybe_recompile pc=0x00000000032ebb00 method=com.sun.org.apache.xerces.internal.dom.NamedNodeMapImpl.findNamePoint(Ljava/lang/String;I)I @ 57
Event: 16.046 Thread 0x00000000571c2800 Uncommon trap: reason=bimorphic action=maybe_recompile pc=0x0000000003767470 method=java.util.Hashtable.get(Ljava/lang/Object;)Ljava/lang/Object; @ 45
Event: 16.046 Thread 0x00000000571c2800 Uncommon trap: reason=bimorphic action=maybe_recompile pc=0x00000000032ebb00 method=com.sun.org.apache.xerces.internal.dom.NamedNodeMapImpl.findNamePoint(Ljava/lang/String;I)I @ 57
Event: 16.046 Thread 0x00000000571c2800 Uncommon trap: reason=bimorphic action=maybe_recompile pc=0x0000000003767470 method=java.util.Hashtable.get(Ljava/lang/Object;)Ljava/lang/Object; @ 45
Event: 16.046 Thread 0x00000000571c2800 Uncommon trap: reason=bimorphic action=maybe_recompile pc=0x0000000003767470 method=java.util.Hashtable.get(Ljava/lang/Object;)Ljava/lang/Object; @ 45

Internal exceptions (10 events):
Event: 15.666 Thread 0x00000000571c2800 Exception <a 'java/lang/ClassNotFoundException': com/android/ide/common/res2/DataMergerCustomizer> (0x00000000f268d8f8) thrown at [C:\re\workspace\8-2-build-windows-amd64-cygwin\jdk8u60\4407\hotspot\src\share\vm\classfile\systemDictionary.cpp, line 210]
Event: 15.667 Thread 0x00000000571c2800 Exception <a 'java/lang/ClassNotFoundException': com/android/ide/common/res2/AssetMergerCustomizer> (0x00000000f26c00a8) thrown at [C:\re\workspace\8-2-build-windows-amd64-cygwin\jdk8u60\4407\hotspot\src\share\vm\classfile\systemDictionary.cpp, line 210]
Event: 15.671 Thread 0x00000000571c2800 Exception <a 'java/lang/ClassNotFoundException': com/android/ide/common/res2/AssetSetBeanInfo> (0x00000000f270e0f0) thrown at [C:\re\workspace\8-2-build-windows-amd64-cygwin\jdk8u60\4407\hotspot\src\share\vm\classfile\systemDictionary.cpp, line 210]
Event: 15.671 Thread 0x00000000571c2800 Exception <a 'java/lang/ClassNotFoundException': com/android/ide/common/res2/DataSetBeanInfo> (0x00000000f271b8e8) thrown at [C:\re\workspace\8-2-build-windows-amd64-cygwin\jdk8u60\4407\hotspot\src\share\vm\classfile\systemDictionary.cpp, line 210]
Event: 15.671 Thread 0x00000000571c2800 Exception <a 'java/lang/ClassNotFoundException': com/android/ide/common/res2/DataSetCustomizer> (0x00000000f2729450) thrown at [C:\re\workspace\8-2-build-windows-amd64-cygwin\jdk8u60\4407\hotspot\src\share\vm\classfile\systemDictionary.cpp, line 210]
Event: 15.673 Thread 0x00000000571c2800 Exception <a 'java/lang/ClassNotFoundException': com/android/ide/common/res2/AssetSetCustomizer> (0x00000000f2753f58) thrown at [C:\re\workspace\8-2-build-windows-amd64-cygwin\jdk8u60\4407\hotspot\src\share\vm\classfile\systemDictionary.cpp, line 210]
Event: 15.677 Thread 0x00000000571c2800 Exception <a 'java/lang/ClassNotFoundException': com/android/ide/common/res2/MergedAssetWriterBeanInfo> (0x00000000f27ab860) thrown at [C:\re\workspace\8-2-build-windows-amd64-cygwin\jdk8u60\4407\hotspot\src\share\vm\classfile\systemDictionary.cpp, line 21’ö=¥Z/@
Event: 15.677 Thread 0x00000000571c2800 Exception <a 'java/lang/ClassNotFoundException': com/android/ide/common/res2/MergeWriterBeanInfo> (0x00000000f27b97b8) thrown at [C:\re\workspace\8-2-build-windows-amd64-cygwin\jdk8u60\4407\hotspot\src\share\vm\classfile\systemDictionary.cpp, line 210]
Event: 15.677 Thread 0x00000000571c2800 Exception <a 'java/lang/ClassNotFoundException': com/android/ide/common/res2/MergeWriterCustomizer> (0x00000000f27c7a70) thrown at [C:\re\workspace\8-2-build-windows-amd64-cygwin\jdk8u60\4407\hotspot\src\share\vm\classfile\systemDictionary.cpp, line 210]
Event: 15.678 Thread 0x00000000571c2800 Exception <a 'java/lang/ClassNotFoundException': com/android/ide/common/res2/MergedAssetWriterCustomizer> (0x00000000f27da810) thrown at [C:\re\workspace\8-2-build-windows-amd64-cygwin\jdk8u60\4407\hotspot\src\share\vm\classfile\systemDictionary.cpp, line „H²U/@

Events (10 events):
Event: 16.046 Thread 0x00000000571c2800 DEOPT PACKING pc=0x00000000032ebb00 sp=0x000000005847b740
Event: 16.046 Thread 0x00000000571c2800 DEOPT UNPACKING pc=0x000000000299556a sp=0x000000005847b6d8 mode 2
Event: 16.046 Thread 0x00000000571c2800 Uncommon trap: trap_request=0xffffffc6 fr.pc=0x0000000003767470
Event: 16.046 Thread 0x00000000571c2800 DEOPT PACKING pc=0x0000000003767470 sp=0x000000005847b7a0
Event: 16.046 Thread 0x00000000571c2800 DEOPT UNPACKING pc=0x000000000299556a sp=0x000000005847b750 mode 2
Event: 16.046 Thread 0x00000000571c2800 Uncommon trap: trap_request=0xffffffc6 fr.pc=0x0000000003767470
Event: 16.046 Thread 0x00000000571c2800 DEOPT PACKING pc=0x0000000003767470 sp=0x000000005847b7a0
Event: 16.046 Thread 0x00000000571c2800 DEOPT UNPACKING pc=0x000000000299556a sp=0x000000005847b750 mode 2
Event: 16.058 Thread 0x00000000571c2800 DEOPT PACKING pc=0x0000000002a8418a sp=0x000000005847b830
Event: 16.058 Thread 0x00000000571c2800 DEOPT UNPACKING pc=0x00000000029971bf sp=0x000000005847b5a8 mode 0


Dynamic libraries:
0x000000013fb10000 - 0x000000013fb47000 	C:\Program Files\Java\jdk1.8.0_60\bin\java.exe
0x0000000076de0000 - 0x0000000076f8a000 	C:\Windows\SYSTEM32\ntdll.dll
0x0000000076bc0000 - 0x0000000076cdf000 	C:\Windows\system32\kernel32.dll
0x000007fefcba0000 - 0x000007fefcc0b000 	C:\Windows\system32\KERNELBASE.dll
0x000007fefdf60000 - 0x000007fefe03b000 	C:\Windows\system32\ADVAPI32.dll
0x000007fefe040000 - 0x000007fefe0df000 	C:\Windows\system32\msvcrt.dll
0x000007fefdcb0000 - 0x000007fefdccf000 	C:\Windows\SYSTEM32\sechost.dll
0x000007fefe2c0000 - 0x000007fefe3ed000 	C:\Windows\system32\RPCRT4.dll
0x0000000076ce0000 - 0x0000000076dda000 	C:\Windows\system32\USER32.dll
0x000007fefed50000 - 0x000007fefedb7000 	C:\Windows\system32\GDI32.dll
0x000007fefe9d0000 - 0x000007fefe9de000 	C:\Windows\system32\LPK.dll
0x000007fefebe0000 - 0x000007fefecaa000 	C:\Windows\system32\USP10.dll
0x000007fefb470000 - 0x000007fefb664000 	C:\Windows\WinSxS\amd64_microsoft.windows.common-controls_6595b64144ccf1df_6.0.7601.18837_none_fa3b1e3d17594757\COMCTL32.dll
0x000007fefe950000 - 0x000007fefe9c1000 	C:\Windows\system32\SHLWAPI.dll
0x000007feff0c0000 - 0x000007feff0ee000 	C:\Windows\system32\IMM32.DLL
0x000007fefe9f0000 - 0x000007fefeaf9000 	C:\Windows\system32\MSCTF.dll
0x000000005dc00000 - 0x000000005dcd2000 	C:\Program Files\Java\jdk1.8.0_60\jre\bin\msvcr100.dll
0x000000005e600000 - 0x000000005ee89000 	C:\Program Files\Java\jdk1.8.0_60\jre\bin\server\jvm.dll
0x000007feef550000 - 0x000007feef559000 	C:\Windows\system32\WSOCK32.dll
0x000007fefedc0000 - 0x000007fefee0d000 	C:\Windows\system32\WS2_32.dll
0x000007fefe9e0000 - 0x000007fefe9e8000 	C:\Windows\system32\NSI.dll
0x000007fef9ff0000 - 0x000007fefa02b000 	C:\Windows\system32\WINMM.dll
0x000007fefbc30000 - 0x000007fefbc3c000 	C:\Windows\system32\VERSION.dll
0x0000000076fa0000 - 0x0000000076fa7000 	C:\Windows\system32\PSAPI.DLL
0x0000000071090000 - 0x000000007109f000 	C:\Program Files\Java\jdk1.8.0_60\jre\bin\verify.dll
0x000000006e170000 - 0x000000006e199000 	C:\Program Files\Java\jdk1.8.0_60\jre\bin\java.dll
0x000000006e150000 - 0x000000006e166000 	C:\Program Files\Java\jdk1.8.0_60\jre\bin\zip.dll
0x000007fefcf20000 - 0x000007fefdcaa000 	C:\Windows\system32\SHELL32.dll
0x000007fefe470000 - 0x000007fefe673000 	C:\Windows\system32\ole32.dll
0x000007fefcb70000 - 0x000007fefcb7f000 	C:\Windows\system32\profapi.dll
0x000000006e130000 - 0x000000006e14a000 	C:\Program Files\Java\jdk1.8.0_60\jre\bin\net.dll
0x000007fefc300000 - 0x000007fefc355000 	C:\Windows\system32\mswsock.dll
0x000007fefc2f0000 - 0x000007fefc2f7000 	C:\Windows\System32\wship6.dll
0x000000006e110000 - 0x000000006e121000 	C:\Program Files\Java\jdk1.8.0_60\jre\bin\nio.dll
0x000007fef5e30000 - 0x000007fef5e42000 	C:\Users\Jasen Sanders\.gradle\native\19\windows-amd64\native-platform.dll
0x000007fef9d30000 - 0x000007fef9d57000 	C:\Windows\system32\IPHLPAPI.DLL
0x000007fef9d10000 - 0x000007fef9d1b000 	C:\Windows\system32\WINNSI.DLL
0x000007fef9740000 - 0x000007fef9751000 	C:\Windows\system32\dhcpcsvc6.DLL
0x000007fef9720000 - 0x000007fef9738000 	C:\Windows\system32\dhcpcsvc.DLL
0x000007fefc360000 - 0x000007fefc378000 	C:\Windows\system32\CRYPTSP.dll
0x000007fefc060000 - 0x000007fefc0a7000 	C:\Windows\system32\rsaenh.dll
0x000007fefcef0000 - 0x000007fefcf0e000 	C:\Windows\system32\USERENV.dll
0x000007fefca00000 - 0x000007fefca0f000 	C:\Windows\system32\CRYPTBASE.dll
0x000007fefc9a0000 - 0x000007fefc9f7000 	C:\Windows\system32\apphelp.dll
0x0000000070d20000 - 0x0000000070d2d000 	C:\Program Files\Java\jdk1.8.0_60\jre\bin\management.dll
0x000007feecf90000 - 0x000007feed0b5000 	C:\Windows\system32\dbghelp.dll

VM Arguments:
jvm_args: -XX:MaxPermSize=256m -XX:+HeapDumpOnOutOfMemoryError -Xmx1024m -Dfile.encoding=windows-1252 -Duser.country=US -Duser.language=en -Duser.variant 
java_command: org.gradle.launcher.daemon.bootstrap.GradleDaemon 2.8
java_class_path (initial): C:\Program Files\Android\Android Studio\gradle\gradle-2.8\lib\gradle-launcher-2.8.jar
Launcher Type: SUN_STANDARD

Environment Variables:
JAVA_HOME=C:\Program Files (x86)\Java\jre1.8.0_73
PATH=C:\Program Files (x86)\NVIDIA Corporation\PhysX\Common;C:\ProgramData\Oracle\Java\javapath;C:\Windows\system32;C:\Windows;C:\Windows\System32\Wbem;C:\Windows\System32\WindowsPowerShell\v1.0\;C:\Program Files\Microsoft SQL Server\110\Tools\Binn\;C:\EnPython;C:\EnPython\Scripts;C:\adb;C:\EnPython;C:\EnPython\Scripts;C:\Program Files\Java\jdk1.8.0_60\bin
USERNAME=Jasen Sanders
OS=Windows_NT
PROCESSOR_IDENTIFIER=Intel64 Family 6 Model 23 Stepping 6, GenuineIntel



---------------  S Y S T E M  ---------------

OS: Windows 7 , 64 bit Build 7601 (6.1.7601.19135)

CPU:total 2 (2 cores per cpu, 1 threads per core) family 6 model 23 stepping 6, cmov, cx8, fxsr, mmx, sse, sse2, sse3, ssse3, sse4.1, tsc

Memory: 4k page, physical 8386016k(3116624k free), swap 16770196k(10360008k free)

vm_info: Java HotSpot(TM) 64-Bit Server VM (25.60-b23) for windows-amd64 JRE (1.8.0_60-b27), built on Aug  4 2015 11:06:27 by "java_re" with MS VC++ 10.0 (VS2010)

time: Sun Mar 13 16:47:12 2016
elapsed time: 16 seconds (0d 0h 0m 16s)

